{"meta": {"format": 3, "version": "7.11.0", "timestamp": "2025-11-04T00:26:12.138292", "branch_coverage": false, "show_contexts": false}, "files": {"api/dependencies.py": {"executed_lines": [1, 4, 5, 6, 7, 8, 10, 13, 18, 19, 22], "summary": {"covered_lines": 10, "num_statements": 14, "percent_covered": 71.42857142857143, "percent_covered_display": "71", "missing_lines": 4, "excluded_lines": 0}, "missing_lines": [27, 28, 29, 31], "excluded_lines": [], "functions": {"get_db": {"executed_lines": [], "summary": {"covered_lines": 0, "num_statements": 4, "percent_covered": 0.0, "percent_covered_display": "0", "missing_lines": 4, "excluded_lines": 0}, "missing_lines": [27, 28, 29, 31], "excluded_lines": []}, "": {"executed_lines": [1, 4, 5, 6, 7, 8, 10, 13, 18, 19, 22], "summary": {"covered_lines": 10, "num_statements": 10, "percent_covered": 100.0, "percent_covered_display": "100", "missing_lines": 0, "excluded_lines": 0}, "missing_lines": [], "excluded_lines": []}}, "classes": {"": {"executed_lines": [1, 4, 5, 6, 7, 8, 10, 13, 18, 19, 22], "summary": {"covered_lines": 10, "num_statements": 14, "percent_covered": 71.42857142857143, "percent_covered_display": "71", "missing_lines": 4, "excluded_lines": 0}, "missing_lines": [27, 28, 29, 31], "excluded_lines": []}}}, "api/main.py": {"executed_lines": [1, 5, 6, 7, 8, 9, 10, 11, 12, 15, 17, 20, 27, 36, 39, 42, 43, 48, 49, 54, 55, 60, 61, 66], "summary": {"covered_lines": 23, "num_statements": 28, "percent_covered": 82.14285714285714, "percent_covered_display": "82", "missing_lines": 5, "excluded_lines": 0}, "missing_lines": [45, 51, 57, 63, 67], "excluded_lines": [], "functions": {"home": {"executed_lines": [], "summary": {"covered_lines": 0, "num_statements": 1, "percent_covered": 0.0, "percent_covered_display": "0", "missing_lines": 1, "excluded_lines": 0}, "missing_lines": [45], "excluded_lines": []}, "crear_capitulo_page": {"executed_lines": [], "summary": {"covered_lines": 0, "num_statements": 1, "percent_covered": 0.0, "percent_covered_display": "0", "missing_lines": 1, "excluded_lines": 0}, "missing_lines": [51], "excluded_lines": []}, "ver_capitulos_page": {"executed_lines": [], "summary": {"covered_lines": 0, "num_statements": 1, "percent_covered": 0.0, "percent_covered_display": "0", "missing_lines": 1, "excluded_lines": 0}, "missing_lines": [57], "excluded_lines": []}, "health_check": {"executed_lines": [], "summary": {"covered_lines": 0, "num_statements": 1, "percent_covered": 0.0, "percent_covered_display": "0", "missing_lines": 1, "excluded_lines": 0}, "missing_lines": [63], "excluded_lines": []}, "": {"executed_lines": [1, 5, 6, 7, 8, 9, 10, 11, 12, 15, 17, 20, 27, 36, 39, 42, 43, 48, 49, 54, 55, 60, 61, 66], "summary": {"covered_lines": 23, "num_statements": 24, "percent_covered": 95.83333333333333, "percent_covered_display": "96", "missing_lines": 1, "excluded_lines": 0}, "missing_lines": [67], "excluded_lines": []}}, "classes": {"": {"executed_lines": [1, 5, 6, 7, 8, 9, 10, 11, 12, 15, 17, 20, 27, 36, 39, 42, 43, 48, 49, 54, 55, 60, 61, 66], "summary": {"covered_lines": 23, "num_statements": 28, "percent_covered": 82.14285714285714, "percent_covered_display": "82", "missing_lines": 5, "excluded_lines": 0}, "missing_lines": [45, 51, 57, 63, 67], "excluded_lines": []}}}, "api/routers/__init__.py": {"executed_lines": [1, 4, 6], "summary": {"covered_lines": 2, "num_statements": 2, "percent_covered": 100.0, "percent_covered_display": "100", "missing_lines": 0, "excluded_lines": 0}, "missing_lines": [], "excluded_lines": [], "functions": {"": {"executed_lines": [1, 4, 6], "summary": {"covered_lines": 2, "num_statements": 2, "percent_covered": 100.0, "percent_covered_display": "100", "missing_lines": 0, "excluded_lines": 0}, "missing_lines": [], "excluded_lines": []}}, "classes": {"": {"executed_lines": [1, 4, 6], "summary": {"covered_lines": 2, "num_statements": 2, "percent_covered": 100.0, "percent_covered_display": "100", "missing_lines": 0, "excluded_lines": 0}, "missing_lines": [], "excluded_lines": []}}}, "api/routers/capitulos.py": {"executed_lines": [1, 4, 5, 6, 7, 8, 11, 13, 14, 15, 17, 23, 24, 29, 30, 31, 37, 38, 39, 40, 42, 45, 46, 55, 57, 58, 60, 61, 64, 65, 69, 71, 72, 77, 80, 81, 89, 91, 92, 98, 99, 100, 102, 103, 105, 108, 109, 113, 115, 116, 121, 122, 124], "summary": {"covered_lines": 52, "num_statements": 52, "percent_covered": 100.0, "percent_covered_display": "100", "missing_lines": 0, "excluded_lines": 0}, "missing_lines": [], "excluded_lines": [], "functions": {"crear_capitulo": {"executed_lines": [29, 30, 31, 37, 38, 39, 40, 42], "summary": {"covered_lines": 8, "num_statements": 8, "percent_covered": 100.0, "percent_covered_display": "100", "missing_lines": 0, "excluded_lines": 0}, "missing_lines": [], "excluded_lines": []}, "listar_capitulos": {"executed_lines": [55, 57, 58, 60, 61], "summary": {"covered_lines": 5, "num_statements": 5, "percent_covered": 100.0, "percent_covered_display": "100", "missing_lines": 0, "excluded_lines": 0}, "missing_lines": [], "excluded_lines": []}, "obtener_capitulo": {"executed_lines": [69, 71, 72, 77], "summary": {"covered_lines": 4, "num_statements": 4, "percent_covered": 100.0, "percent_covered_display": "100", "missing_lines": 0, "excluded_lines": 0}, "missing_lines": [], "excluded_lines": []}, "actualizar_capitulo": {"executed_lines": [89, 91, 92, 98, 99, 100, 102, 103, 105], "summary": {"covered_lines": 9, "num_statements": 9, "percent_covered": 100.0, "percent_covered_display": "100", "missing_lines": 0, "excluded_lines": 0}, "missing_lines": [], "excluded_lines": []}, "eliminar_capitulo": {"executed_lines": [113, 115, 116, 121, 122, 124], "summary": {"covered_lines": 6, "num_statements": 6, "percent_covered": 100.0, "percent_covered_display": "100", "missing_lines": 0, "excluded_lines": 0}, "missing_lines": [], "excluded_lines": []}, "": {"executed_lines": [1, 4, 5, 6, 7, 8, 11, 13, 14, 15, 17, 23, 24, 45, 46, 64, 65, 80, 81, 108, 109], "summary": {"covered_lines": 20, "num_statements": 20, "percent_covered": 100.0, "percent_covered_display": "100", "missing_lines": 0, "excluded_lines": 0}, "missing_lines": [], "excluded_lines": []}}, "classes": {"": {"executed_lines": [1, 4, 5, 6, 7, 8, 11, 13, 14, 15, 17, 23, 24, 29, 30, 31, 37, 38, 39, 40, 42, 45, 46, 55, 57, 58, 60, 61, 64, 65, 69, 71, 72, 77, 80, 81, 89, 91, 92, 98, 99, 100, 102, 103, 105, 108, 109, 113, 115, 116, 121, 122, 124], "summary": {"covered_lines": 52, "num_statements": 52, "percent_covered": 100.0, "percent_covered_display": "100", "missing_lines": 0, "excluded_lines": 0}, "missing_lines": [], "excluded_lines": []}}}, "api/schemas/__init__.py": {"executed_lines": [1, 4, 5, 7], "summary": {"covered_lines": 3, "num_statements": 3, "percent_covered": 100.0, "percent_covered_display": "100", "missing_lines": 0, "excluded_lines": 0}, "missing_lines": [], "excluded_lines": [], "functions": {"": {"executed_lines": [1, 4, 5, 7], "summary": {"covered_lines": 3, "num_statements": 3, "percent_covered": 100.0, "percent_covered_display": "100", "missing_lines": 0, "excluded_lines": 0}, "missing_lines": [], "excluded_lines": []}}, "classes": {"": {"executed_lines": [1, 4, 5, 7], "summary": {"covered_lines": 3, "num_statements": 3, "percent_covered": 100.0, "percent_covered_display": "100", "missing_lines": 0, "excluded_lines": 0}, "missing_lines": [], "excluded_lines": []}}}, "api/schemas/capitulo.py": {"executed_lines": [1, 4, 5, 6, 9, 10, 11, 12, 13, 14, 15, 18, 19, 20, 23, 24, 25, 26, 27, 28, 31, 32, 33, 34, 35, 37, 38], "summary": {"covered_lines": 22, "num_statements": 22, "percent_covered": 100.0, "percent_covered_display": "100", "missing_lines": 0, "excluded_lines": 0}, "missing_lines": [], "excluded_lines": [], "functions": {"": {"executed_lines": [1, 4, 5, 6, 9, 10, 11, 12, 13, 14, 15, 18, 19, 20, 23, 24, 25, 26, 27, 28, 31, 32, 33, 34, 35, 37, 38], "summary": {"covered_lines": 22, "num_statements": 22, "percent_covered": 100.0, "percent_covered_display": "100", "missing_lines": 0, "excluded_lines": 0}, "missing_lines": [], "excluded_lines": []}}, "classes": {"CapituloBase": {"executed_lines": [], "summary": {"covered_lines": 0, "num_statements": 0, "percent_covered": 100.0, "percent_covered_display": "100", "missing_lines": 0, "excluded_lines": 0}, "missing_lines": [], "excluded_lines": []}, "CapituloCreate": {"executed_lines": [], "summary": {"covered_lines": 0, "num_statements": 0, "percent_covered": 100.0, "percent_covered_display": "100", "missing_lines": 0, "excluded_lines": 0}, "missing_lines": [], "excluded_lines": []}, "CapituloUpdate": {"executed_lines": [], "summary": {"covered_lines": 0, "num_statements": 0, "percent_covered": 100.0, "percent_covered_display": "100", "missing_lines": 0, "excluded_lines": 0}, "missing_lines": [], "excluded_lines": []}, "CapituloResponse": {"executed_lines": [], "summary": {"covered_lines": 0, "num_statements": 0, "percent_covered": 100.0, "percent_covered_display": "100", "missing_lines": 0, "excluded_lines": 0}, "missing_lines": [], "excluded_lines": []}, "CapituloResponse.Config": {"executed_lines": [], "summary": {"covered_lines": 0, "num_statements": 0, "percent_covered": 100.0, "percent_covered_display": "100", "missing_lines": 0, "excluded_lines": 0}, "missing_lines": [], "excluded_lines": []}, "": {"executed_lines": [1, 4, 5, 6, 9, 10, 11, 12, 13, 14, 15, 18, 19, 20, 23, 24, 25, 26, 27, 28, 31, 32, 33, 34, 35, 37, 38], "summary": {"covered_lines": 22, "num_statements": 22, "percent_covered": 100.0, "percent_covered_display": "100", "missing_lines": 0, "excluded_lines": 0}, "missing_lines": [], "excluded_lines": []}}}, "api/schemas/contenido.py": {"executed_lines": [1, 4, 5, 6, 9, 10, 11, 12, 15, 16, 18, 19, 20, 21, 24, 25, 26, 27, 28, 29, 30, 31, 32, 34, 35], "summary": {"covered_lines": 21, "num_statements": 21, "percent_covered": 100.0, "percent_covered_display": "100", "missing_lines": 0, "excluded_lines": 0}, "missing_lines": [], "excluded_lines": [], "functions": {"": {"executed_lines": [1, 4, 5, 6, 9, 10, 11, 12, 15, 16, 18, 19, 20, 21, 24, 25, 26, 27, 28, 29, 30, 31, 32, 34, 35], "summary": {"covered_lines": 21, "num_statements": 21, "percent_covered": 100.0, "percent_covered_display": "100", "missing_lines": 0, "excluded_lines": 0}, "missing_lines": [], "excluded_lines": []}}, "classes": {"ContenidoBase": {"executed_lines": [], "summary": {"covered_lines": 0, "num_statements": 0, "percent_covered": 100.0, "percent_covered_display": "100", "missing_lines": 0, "excluded_lines": 0}, "missing_lines": [], "excluded_lines": []}, "ContenidoCreate": {"executed_lines": [], "summary": {"covered_lines": 0, "num_statements": 0, "percent_covered": 100.0, "percent_covered_display": "100", "missing_lines": 0, "excluded_lines": 0}, "missing_lines": [], "excluded_lines": []}, "ContenidoResponse": {"executed_lines": [], "summary": {"covered_lines": 0, "num_statements": 0, "percent_covered": 100.0, "percent_covered_display": "100", "missing_lines": 0, "excluded_lines": 0}, "missing_lines": [], "excluded_lines": []}, "ContenidoResponse.Config": {"executed_lines": [], "summary": {"covered_lines": 0, "num_statements": 0, "percent_covered": 100.0, "percent_covered_display": "100", "missing_lines": 0, "excluded_lines": 0}, "missing_lines": [], "excluded_lines": []}, "": {"executed_lines": [1, 4, 5, 6, 9, 10, 11, 12, 15, 16, 18, 19, 20, 21, 24, 25, 26, 27, 28, 29, 30, 31, 32, 34, 35], "summary": {"covered_lines": 21, "num_statements": 21, "percent_covered": 100.0, "percent_covered_display": "100", "missing_lines": 0, "excluded_lines": 0}, "missing_lines": [], "excluded_lines": []}}}, "db/__init__.py": {"executed_lines": [1, 7, 9], "summary": {"covered_lines": 2, "num_statements": 2, "percent_covered": 100.0, "percent_covered_display": "100", "missing_lines": 0, "excluded_lines": 0}, "missing_lines": [], "excluded_lines": [], "functions": {"": {"executed_lines": [1, 7, 9], "summary": {"covered_lines": 2, "num_statements": 2, "percent_covered": 100.0, "percent_covered_display": "100", "missing_lines": 0, "excluded_lines": 0}, "missing_lines": [], "excluded_lines": []}}, "classes": {"": {"executed_lines": [1, 7, 9], "summary": {"covered_lines": 2, "num_statements": 2, "percent_covered": 100.0, "percent_covered_display": "100", "missing_lines": 0, "excluded_lines": 0}, "missing_lines": [], "excluded_lines": []}}}, "db/config.py": {"executed_lines": [1, 7, 8, 9, 10, 13, 14, 17, 18, 19, 20, 21, 24, 25, 26, 27, 28, 31, 32, 33, 34, 35, 37, 38, 42, 43, 47, 48, 54, 55, 56, 59, 60, 61, 63, 64, 65, 68, 82, 96, 110, 117, 124, 131], "summary": {"covered_lines": 42, "num_statements": 72, "percent_covered": 58.333333333333336, "percent_covered_display": "58", "missing_lines": 30, "excluded_lines": 0}, "missing_lines": [40, 45, 50, 72, 78, 79, 86, 92, 93, 100, 106, 107, 112, 113, 114, 119, 120, 121, 126, 127, 128, 134, 135, 136, 139, 140, 141, 142, 143, 144], "excluded_lines": [], "functions": {"DatabaseConfig.get_contenido_url": {"executed_lines": [], "summary": {"covered_lines": 0, "num_statements": 1, "percent_covered": 0.0, "percent_covered_display": "0", "missing_lines": 1, "excluded_lines": 0}, "missing_lines": [40], "excluded_lines": []}, "DatabaseConfig.get_usuarios_url": {"executed_lines": [], "summary": {"covered_lines": 0, "num_statements": 1, "percent_covered": 0.0, "percent_covered_display": "0", "missing_lines": 1, "excluded_lines": 0}, "missing_lines": [45], "excluded_lines": []}, "DatabaseConfig.get_evaluaciones_url": {"executed_lines": [], "summary": {"covered_lines": 0, "num_statements": 1, "percent_covered": 0.0, "percent_covered_display": "0", "missing_lines": 1, "excluded_lines": 0}, "missing_lines": [50], "excluded_lines": []}, "init_contenido_db": {"executed_lines": [], "summary": {"covered_lines": 0, "num_statements": 3, "percent_covered": 0.0, "percent_covered_display": "0", "missing_lines": 3, "excluded_lines": 0}, "missing_lines": [72, 78, 79], "excluded_lines": []}, "init_usuarios_db": {"executed_lines": [], "summary": {"covered_lines": 0, "num_statements": 3, "percent_covered": 0.0, "percent_covered_display": "0", "missing_lines": 3, "excluded_lines": 0}, "missing_lines": [86, 92, 93], "excluded_lines": []}, "init_evaluaciones_db": {"executed_lines": [], "summary": {"covered_lines": 0, "num_statements": 3, "percent_covered": 0.0, "percent_covered_display": "0", "missing_lines": 3, "excluded_lines": 0}, "missing_lines": [100, 106, 107], "excluded_lines": []}, "get_contenido_session": {"executed_lines": [], "summary": {"covered_lines": 0, "num_statements": 3, "percent_covered": 0.0, "percent_covered_display": "0", "missing_lines": 3, "excluded_lines": 0}, "missing_lines": [112, 113, 114], "excluded_lines": []}, "get_usuarios_session": {"executed_lines": [], "summary": {"covered_lines": 0, "num_statements": 3, "percent_covered": 0.0, "percent_covered_display": "0", "missing_lines": 3, "excluded_lines": 0}, "missing_lines": [119, 120, 121], "excluded_lines": []}, "get_evaluaciones_session": {"executed_lines": [], "summary": {"covered_lines": 0, "num_statements": 3, "percent_covered": 0.0, "percent_covered_display": "0", "missing_lines": 3, "excluded_lines": 0}, "missing_lines": [126, 127, 128], "excluded_lines": []}, "create_all_tables": {"executed_lines": [], "summary": {"covered_lines": 0, "num_statements": 9, "percent_covered": 0.0, "percent_covered_display": "0", "missing_lines": 9, "excluded_lines": 0}, "missing_lines": [134, 135, 136, 139, 140, 141, 142, 143, 144], "excluded_lines": []}, "": {"executed_lines": [1, 7, 8, 9, 10, 13, 14, 17, 18, 19, 20, 21, 24, 25, 26, 27, 28, 31, 32, 33, 34, 35, 37, 38, 42, 43, 47, 48, 54, 55, 56, 59, 60, 61, 63, 64, 65, 68, 82, 96, 110, 117, 124, 131], "summary": {"covered_lines": 42, "num_statements": 42, "percent_covered": 100.0, "percent_covered_display": "100", "missing_lines": 0, "excluded_lines": 0}, "missing_lines": [], "excluded_lines": []}}, "classes": {"DatabaseConfig": {"executed_lines": [], "summary": {"covered_lines": 0, "num_statements": 3, "percent_covered": 0.0, "percent_covered_display": "0", "missing_lines": 3, "excluded_lines": 0}, "missing_lines": [40, 45, 50], "excluded_lines": []}, "": {"executed_lines": [1, 7, 8, 9, 10, 13, 14, 17, 18, 19, 20, 21, 24, 25, 26, 27, 28, 31, 32, 33, 34, 35, 37, 38, 42, 43, 47, 48, 54, 55, 56, 59, 60, 61, 63, 64, 65, 68, 82, 96, 110, 117, 124, 131], "summary": {"covered_lines": 42, "num_statements": 69, "percent_covered": 60.869565217391305, "percent_covered_display": "61", "missing_lines": 27, "excluded_lines": 0}, "missing_lines": [72, 78, 79, 86, 92, 93, 100, 106, 107, 112, 113, 114, 119, 120, 121, 126, 127, 128, 134, 135, 136, 139, 140, 141, 142, 143, 144], "excluded_lines": []}}}, "db/contenido/__init__.py": {"executed_lines": [1, 6, 8], "summary": {"covered_lines": 2, "num_statements": 2, "percent_covered": 100.0, "percent_covered_display": "100", "missing_lines": 0, "excluded_lines": 0}, "missing_lines": [], "excluded_lines": [], "functions": {"": {"executed_lines": [1, 6, 8], "summary": {"covered_lines": 2, "num_statements": 2, "percent_covered": 100.0, "percent_covered_display": "100", "missing_lines": 0, "excluded_lines": 0}, "missing_lines": [], "excluded_lines": []}}, "classes": {"": {"executed_lines": [1, 6, 8], "summary": {"covered_lines": 2, "num_statements": 2, "percent_covered": 100.0, "percent_covered_display": "100", "missing_lines": 0, "excluded_lines": 0}, "missing_lines": [], "excluded_lines": []}}}, "db/contenido/models.py": {"executed_lines": [1, 7, 8, 9, 10, 11, 13, 14, 15, 16, 19, 20, 24, 26, 27, 28, 29, 30, 31, 32, 33, 36, 38, 39, 42, 43, 47, 49, 50, 51, 52, 53, 57, 60, 61, 64, 67, 69, 74, 78, 79, 80, 84, 89, 90, 91, 95, 99, 100, 101, 105, 109, 110, 111, 115, 119, 120, 124, 126, 127, 128, 129, 132, 133, 136, 141], "summary": {"covered_lines": 58, "num_statements": 65, "percent_covered": 89.23076923076923, "percent_covered_display": "89", "missing_lines": 7, "excluded_lines": 0}, "missing_lines": [75, 85, 86, 96, 106, 116, 142], "excluded_lines": [], "functions": {"Capitulo.__repr__": {"executed_lines": [39], "summary": {"covered_lines": 1, "num_statements": 1, "percent_covered": 100.0, "percent_covered_display": "100", "missing_lines": 0, "excluded_lines": 0}, "missing_lines": [], "excluded_lines": []}, "Contenido.__repr__": {"executed_lines": [], "summary": {"covered_lines": 0, "num_statements": 1, "percent_covered": 0.0, "percent_covered_display": "0", "missing_lines": 1, "excluded_lines": 0}, "missing_lines": [75], "excluded_lines": []}, "Texto.__repr__": {"executed_lines": [], "summary": {"covered_lines": 0, "num_statements": 2, "percent_covered": 0.0, "percent_covered_display": "0", "missing_lines": 2, "excluded_lines": 0}, "missing_lines": [85, 86], "excluded_lines": []}, "Imagen.__repr__": {"executed_lines": [], "summary": {"covered_lines": 0, "num_statements": 1, "percent_covered": 0.0, "percent_covered_display": "0", "missing_lines": 1, "excluded_lines": 0}, "missing_lines": [96], "excluded_lines": []}, "Video.__repr__": {"executed_lines": [], "summary": {"covered_lines": 0, "num_statements": 1, "percent_covered": 0.0, "percent_covered_display": "0", "missing_lines": 1, "excluded_lines": 0}, "missing_lines": [106], "excluded_lines": []}, "Objeto3D.__repr__": {"executed_lines": [], "summary": {"covered_lines": 0, "num_statements": 1, "percent_covered": 0.0, "percent_covered_display": "0", "missing_lines": 1, "excluded_lines": 0}, "missing_lines": [116], "excluded_lines": []}, "UnionCapituloContenido.__repr__": {"executed_lines": [], "summary": {"covered_lines": 0, "num_statements": 1, "percent_covered": 0.0, "percent_covered_display": "0", "missing_lines": 1, "excluded_lines": 0}, "missing_lines": [142], "excluded_lines": []}, "": {"executed_lines": [1, 7, 8, 9, 10, 11, 13, 14, 15, 16, 19, 20, 24, 26, 27, 28, 29, 30, 31, 32, 33, 36, 38, 42, 43, 47, 49, 50, 51, 52, 53, 57, 60, 61, 64, 67, 69, 74, 78, 79, 80, 84, 89, 90, 91, 95, 99, 100, 101, 105, 109, 110, 111, 115, 119, 120, 124, 126, 127, 128, 129, 132, 133, 136, 141], "summary": {"covered_lines": 57, "num_statements": 57, "percent_covered": 100.0, "percent_covered_display": "100", "missing_lines": 0, "excluded_lines": 0}, "missing_lines": [], "excluded_lines": []}}, "classes": {"Capitulo": {"executed_lines": [39], "summary": {"covered_lines": 1, "num_statements": 1, "percent_covered": 100.0, "percent_covered_display": "100", "missing_lines": 0, "excluded_lines": 0}, "missing_lines": [], "excluded_lines": []}, "Contenido": {"executed_lines": [], "summary": {"covered_lines": 0, "num_statements": 1, "percent_covered": 0.0, "percent_covered_display": "0", "missing_lines": 1, "excluded_lines": 0}, "missing_lines": [75], "excluded_lines": []}, "Texto": {"executed_lines": [], "summary": {"covered_lines": 0, "num_statements": 2, "percent_covered": 0.0, "percent_covered_display": "0", "missing_lines": 2, "excluded_lines": 0}, "missing_lines": [85, 86], "excluded_lines": []}, "Imagen": {"executed_lines": [], "summary": {"covered_lines": 0, "num_statements": 1, "percent_covered": 0.0, "percent_covered_display": "0", "missing_lines": 1, "excluded_lines": 0}, "missing_lines": [96], "excluded_lines": []}, "Video": {"executed_lines": [], "summary": {"covered_lines": 0, "num_statements": 1, "percent_covered": 0.0, "percent_covered_display": "0", "missing_lines": 1, "excluded_lines": 0}, "missing_lines": [106], "excluded_lines": []}, "Objeto3D": {"executed_lines": [], "summary": {"covered_lines": 0, "num_statements": 1, "percent_covered": 0.0, "percent_covered_display": "0", "missing_lines": 1, "excluded_lines": 0}, "missing_lines": [116], "excluded_lines": []}, "UnionCapituloContenido": {"executed_lines": [], "summary": {"covered_lines": 0, "num_statements": 1, "percent_covered": 0.0, "percent_covered_display": "0", "missing_lines": 1, "excluded_lines": 0}, "missing_lines": [142], "excluded_lines": []}, "": {"executed_lines": [1, 7, 8, 9, 10, 11, 13, 14, 15, 16, 19, 20, 24, 26, 27, 28, 29, 30, 31, 32, 33, 36, 38, 42, 43, 47, 49, 50, 51, 52, 53, 57, 60, 61, 64, 67, 69, 74, 78, 79, 80, 84, 89, 90, 91, 95, 99, 100, 101, 105, 109, 110, 111, 115, 119, 120, 124, 126, 127, 128, 129, 132, 133, 136, 141], "summary": {"covered_lines": 57, "num_statements": 57, "percent_covered": 100.0, "percent_covered_display": "100", "missing_lines": 0, "excluded_lines": 0}, "missing_lines": [], "excluded_lines": []}}}, "db/crear_tablas.py": {"executed_lines": [], "summary": {"covered_lines": 0, "num_statements": 86, "percent_covered": 0.0, "percent_covered_display": "0", "missing_lines": 86, "excluded_lines": 0}, "missing_lines": [7, 8, 11, 13, 23, 24, 25, 28, 30, 31, 32, 34, 35, 37, 38, 39, 40, 41, 44, 46, 47, 48, 50, 51, 53, 54, 55, 56, 57, 58, 59, 60, 61, 64, 66, 67, 68, 70, 71, 73, 74, 75, 76, 77, 78, 79, 82, 84, 85, 86, 87, 88, 89, 90, 91, 92, 93, 95, 97, 98, 99, 101, 103, 105, 106, 107, 109, 110, 111, 112, 113, 114, 116, 117, 118, 119, 120, 121, 122, 123, 124, 125, 126, 127, 130, 131], "excluded_lines": [], "functions": {"create_contenido_tables": {"executed_lines": [], "summary": {"covered_lines": 0, "num_statements": 10, "percent_covered": 0.0, "percent_covered_display": "0", "missing_lines": 10, "excluded_lines": 0}, "missing_lines": [30, 31, 32, 34, 35, 37, 38, 39, 40, 41], "excluded_lines": []}, "create_usuarios_tables": {"executed_lines": [], "summary": {"covered_lines": 0, "num_statements": 14, "percent_covered": 0.0, "percent_covered_display": "0", "missing_lines": 14, "excluded_lines": 0}, "missing_lines": [46, 47, 48, 50, 51, 53, 54, 55, 56, 57, 58, 59, 60, 61], "excluded_lines": []}, "create_evaluaciones_tables": {"executed_lines": [], "summary": {"covered_lines": 0, "num_statements": 12, "percent_covered": 0.0, "percent_covered_display": "0", "missing_lines": 12, "excluded_lines": 0}, "missing_lines": [66, 67, 68, 70, 71, 73, 74, 75, 76, 77, 78, 79], "excluded_lines": []}, "main": {"executed_lines": [], "summary": {"covered_lines": 0, "num_statements": 37, "percent_covered": 0.0, "percent_covered_display": "0", "missing_lines": 37, "excluded_lines": 0}, "missing_lines": [84, 85, 86, 87, 88, 89, 90, 91, 92, 93, 95, 97, 98, 99, 101, 103, 105, 106, 107, 109, 110, 111, 112, 113, 114, 116, 117, 118, 119, 120, 121, 122, 123, 124, 125, 126, 127], "excluded_lines": []}, "": {"executed_lines": [], "summary": {"covered_lines": 0, "num_statements": 13, "percent_covered": 0.0, "percent_covered_display": "0", "missing_lines": 13, "excluded_lines": 0}, "missing_lines": [7, 8, 11, 13, 23, 24, 25, 28, 44, 64, 82, 130, 131], "excluded_lines": []}}, "classes": {"": {"executed_lines": [], "summary": {"covered_lines": 0, "num_statements": 86, "percent_covered": 0.0, "percent_covered_display": "0", "missing_lines": 86, "excluded_lines": 0}, "missing_lines": [7, 8, 11, 13, 23, 24, 25, 28, 30, 31, 32, 34, 35, 37, 38, 39, 40, 41, 44, 46, 47, 48, 50, 51, 53, 54, 55, 56, 57, 58, 59, 60, 61, 64, 66, 67, 68, 70, 71, 73, 74, 75, 76, 77, 78, 79, 82, 84, 85, 86, 87, 88, 89, 90, 91, 92, 93, 95, 97, 98, 99, 101, 103, 105, 106, 107, 109, 110, 111, 112, 113, 114, 116, 117, 118, 119, 120, 121, 122, 123, 124, 125, 126, 127, 130, 131], "excluded_lines": []}}}, "db/evaluaciones/__init__.py": {"executed_lines": [], "summary": {"covered_lines": 0, "num_statements": 2, "percent_covered": 0.0, "percent_covered_display": "0", "missing_lines": 2, "excluded_lines": 0}, "missing_lines": [6, 8], "excluded_lines": [], "functions": {"": {"executed_lines": [], "summary": {"covered_lines": 0, "num_statements": 2, "percent_covered": 0.0, "percent_covered_display": "0", "missing_lines": 2, "excluded_lines": 0}, "missing_lines": [6, 8], "excluded_lines": []}}, "classes": {"": {"executed_lines": [], "summary": {"covered_lines": 0, "num_statements": 2, "percent_covered": 0.0, "percent_covered_display": "0", "missing_lines": 2, "excluded_lines": 0}, "missing_lines": [6, 8], "excluded_lines": []}}}, "db/evaluaciones/models.py": {"executed_lines": [], "summary": {"covered_lines": 0, "num_statements": 102, "percent_covered": 0.0, "percent_covered_display": "0", "missing_lines": 102, "excluded_lines": 0}, "missing_lines": [7, 8, 9, 10, 11, 13, 14, 15, 16, 19, 21, 22, 23, 24, 27, 29, 30, 31, 34, 39, 41, 42, 44, 45, 46, 49, 50, 51, 52, 55, 58, 61, 62, 63, 64, 65, 68, 69, 71, 72, 75, 80, 82, 83, 85, 86, 87, 90, 91, 92, 95, 98, 101, 102, 103, 105, 106, 109, 114, 116, 117, 119, 120, 121, 124, 126, 129, 131, 132, 135, 140, 142, 143, 144, 147, 148, 151, 152, 153, 154, 157, 158, 159, 162, 163, 165, 166, 169, 174, 176, 177, 178, 181, 182, 185, 186, 189, 192, 195, 196, 198, 199], "excluded_lines": [], "functions": {"Evaluacion.__repr__": {"executed_lines": [], "summary": {"covered_lines": 0, "num_statements": 1, "percent_covered": 0.0, "percent_covered_display": "0", "missing_lines": 1, "excluded_lines": 0}, "missing_lines": [72], "excluded_lines": []}, "Pregunta.__repr__": {"executed_lines": [], "summary": {"covered_lines": 0, "num_statements": 1, "percent_covered": 0.0, "percent_covered_display": "0", "missing_lines": 1, "excluded_lines": 0}, "missing_lines": [106], "excluded_lines": []}, "Opcion.__repr__": {"executed_lines": [], "summary": {"covered_lines": 0, "num_statements": 1, "percent_covered": 0.0, "percent_covered_display": "0", "missing_lines": 1, "excluded_lines": 0}, "missing_lines": [132], "excluded_lines": []}, "Intento.__repr__": {"executed_lines": [], "summary": {"covered_lines": 0, "num_statements": 1, "percent_covered": 0.0, "percent_covered_display": "0", "missing_lines": 1, "excluded_lines": 0}, "missing_lines": [166], "excluded_lines": []}, "Respuesta.__repr__": {"executed_lines": [], "summary": {"covered_lines": 0, "num_statements": 1, "percent_covered": 0.0, "percent_covered_display": "0", "missing_lines": 1, "excluded_lines": 0}, "missing_lines": [199], "excluded_lines": []}, "": {"executed_lines": [], "summary": {"covered_lines": 0, "num_statements": 97, "percent_covered": 0.0, "percent_covered_display": "0", "missing_lines": 97, "excluded_lines": 0}, "missing_lines": [7, 8, 9, 10, 11, 13, 14, 15, 16, 19, 21, 22, 23, 24, 27, 29, 30, 31, 34, 39, 41, 42, 44, 45, 46, 49, 50, 51, 52, 55, 58, 61, 62, 63, 64, 65, 68, 69, 71, 75, 80, 82, 83, 85, 86, 87, 90, 91, 92, 95, 98, 101, 102, 103, 105, 109, 114, 116, 117, 119, 120, 121, 124, 126, 129, 131, 135, 140, 142, 143, 144, 147, 148, 151, 152, 153, 154, 157, 158, 159, 162, 163, 165, 169, 174, 176, 177, 178, 181, 182, 185, 186, 189, 192, 195, 196, 198], "excluded_lines": []}}, "classes": {"TipoPregunta": {"executed_lines": [], "summary": {"covered_lines": 0, "num_statements": 0, "percent_covered": 100.0, "percent_covered_display": "100", "missing_lines": 0, "excluded_lines": 0}, "missing_lines": [], "excluded_lines": []}, "EstadoIntento": {"executed_lines": [], "summary": {"covered_lines": 0, "num_statements": 0, "percent_covered": 100.0, "percent_covered_display": "100", "missing_lines": 0, "excluded_lines": 0}, "missing_lines": [], "excluded_lines": []}, "Evaluacion": {"executed_lines": [], "summary": {"covered_lines": 0, "num_statements": 1, "percent_covered": 0.0, "percent_covered_display": "0", "missing_lines": 1, "excluded_lines": 0}, "missing_lines": [72], "excluded_lines": []}, "Pregunta": {"executed_lines": [], "summary": {"covered_lines": 0, "num_statements": 1, "percent_covered": 0.0, "percent_covered_display": "0", "missing_lines": 1, "excluded_lines": 0}, "missing_lines": [106], "excluded_lines": []}, "Opcion": {"executed_lines": [], "summary": {"covered_lines": 0, "num_statements": 1, "percent_covered": 0.0, "percent_covered_display": "0", "missing_lines": 1, "excluded_lines": 0}, "missing_lines": [132], "excluded_lines": []}, "Intento": {"executed_lines": [], "summary": {"covered_lines": 0, "num_statements": 1, "percent_covered": 0.0, "percent_covered_display": "0", "missing_lines": 1, "excluded_lines": 0}, "missing_lines": [166], "excluded_lines": []}, "Respuesta": {"executed_lines": [], "summary": {"covered_lines": 0, "num_statements": 1, "percent_covered": 0.0, "percent_covered_display": "0", "missing_lines": 1, "excluded_lines": 0}, "missing_lines": [199], "excluded_lines": []}, "": {"executed_lines": [], "summary": {"covered_lines": 0, "num_statements": 97, "percent_covered": 0.0, "percent_covered_display": "0", "missing_lines": 97, "excluded_lines": 0}, "missing_lines": [7, 8, 9, 10, 11, 13, 14, 15, 16, 19, 21, 22, 23, 24, 27, 29, 30, 31, 34, 39, 41, 42, 44, 45, 46, 49, 50, 51, 52, 55, 58, 61, 62, 63, 64, 65, 68, 69, 71, 75, 80, 82, 83, 85, 86, 87, 90, 91, 92, 95, 98, 101, 102, 103, 105, 109, 114, 116, 117, 119, 120, 121, 124, 126, 129, 131, 135, 140, 142, 143, 144, 147, 148, 151, 152, 153, 154, 157, 158, 159, 162, 163, 165, 169, 174, 176, 177, 178, 181, 182, 185, 186, 189, 192, 195, 196, 198], "excluded_lines": []}}}, "db/migracion_agregar_estado.py": {"executed_lines": [], "summary": {"covered_lines": 0, "num_statements": 84, "percent_covered": 0.0, "percent_covered_display": "0", "missing_lines": 84, "excluded_lines": 0}, "missing_lines": [8, 9, 10, 13, 15, 16, 17, 19, 21, 24, 25, 26, 27, 30, 35, 37, 39, 41, 43, 51, 52, 54, 55, 56, 57, 59, 62, 68, 69, 71, 74, 76, 80, 81, 82, 83, 84, 85, 86, 88, 91, 92, 98, 99, 101, 103, 104, 105, 107, 109, 110, 111, 112, 113, 114, 117, 120, 122, 123, 125, 127, 131, 132, 134, 135, 136, 137, 138, 141, 147, 148, 150, 151, 152, 153, 155, 158, 159, 161, 162, 163, 164, 166, 167], "excluded_lines": [], "functions": {"migrar_agregar_estado": {"executed_lines": [], "summary": {"covered_lines": 0, "num_statements": 46, "percent_covered": 0.0, "percent_covered_display": "0", "missing_lines": 46, "excluded_lines": 0}, "missing_lines": [24, 25, 26, 27, 30, 35, 37, 39, 41, 43, 51, 52, 54, 55, 56, 57, 59, 62, 68, 69, 71, 74, 76, 80, 81, 82, 83, 84, 85, 86, 88, 91, 92, 98, 99, 101, 103, 104, 105, 107, 109, 110, 111, 112, 113, 114], "excluded_lines": []}, "verificar_migracion": {"executed_lines": [], "summary": {"covered_lines": 0, "num_statements": 20, "percent_covered": 0.0, "percent_covered_display": "0", "missing_lines": 20, "excluded_lines": 0}, "missing_lines": [120, 122, 123, 125, 127, 131, 132, 134, 135, 136, 137, 138, 141, 147, 148, 150, 151, 152, 153, 155], "excluded_lines": []}, "": {"executed_lines": [], "summary": {"covered_lines": 0, "num_statements": 18, "percent_covered": 0.0, "percent_covered_display": "0", "missing_lines": 18, "excluded_lines": 0}, "missing_lines": [8, 9, 10, 13, 15, 16, 17, 19, 21, 117, 158, 159, 161, 162, 163, 164, 166, 167], "excluded_lines": []}}, "classes": {"": {"executed_lines": [], "summary": {"covered_lines": 0, "num_statements": 84, "percent_covered": 0.0, "percent_covered_display": "0", "missing_lines": 84, "excluded_lines": 0}, "missing_lines": [8, 9, 10, 13, 15, 16, 17, 19, 21, 24, 25, 26, 27, 30, 35, 37, 39, 41, 43, 51, 52, 54, 55, 56, 57, 59, 62, 68, 69, 71, 74, 76, 80, 81, 82, 83, 84, 85, 86, 88, 91, 92, 98, 99, 101, 103, 104, 105, 107, 109, 110, 111, 112, 113, 114, 117, 120, 122, 123, 125, 127, 131, 132, 134, 135, 136, 137, 138, 141, 147, 148, 150, 151, 152, 153, 155, 158, 159, 161, 162, 163, 164, 166, 167], "excluded_lines": []}}}, "db/test_conexiones.py": {"executed_lines": [], "summary": {"covered_lines": 0, "num_statements": 113, "percent_covered": 0.0, "percent_covered_display": "0", "missing_lines": 113, "excluded_lines": 0}, "missing_lines": [7, 8, 9, 12, 14, 25, 27, 28, 29, 31, 32, 33, 34, 36, 37, 39, 40, 43, 44, 45, 47, 48, 50, 51, 53, 54, 55, 58, 60, 61, 62, 64, 65, 66, 67, 69, 70, 72, 73, 76, 77, 78, 80, 81, 83, 84, 86, 87, 88, 91, 93, 94, 95, 97, 98, 99, 100, 102, 103, 105, 106, 109, 110, 111, 113, 114, 116, 117, 119, 120, 121, 124, 126, 127, 128, 129, 130, 131, 132, 134, 141, 142, 143, 146, 147, 148, 150, 151, 153, 154, 155, 156, 158, 159, 160, 162, 164, 165, 166, 167, 168, 169, 171, 172, 173, 174, 175, 176, 177, 178, 181, 182, 183], "excluded_lines": [], "functions": {"test_contenido_db": {"executed_lines": [], "summary": {"covered_lines": 0, "num_statements": 21, "percent_covered": 0.0, "percent_covered_display": "0", "missing_lines": 21, "excluded_lines": 0}, "missing_lines": [27, 28, 29, 31, 32, 33, 34, 36, 37, 39, 40, 43, 44, 45, 47, 48, 50, 51, 53, 54, 55], "excluded_lines": []}, "test_usuarios_db": {"executed_lines": [], "summary": {"covered_lines": 0, "num_statements": 21, "percent_covered": 0.0, "percent_covered_display": "0", "missing_lines": 21, "excluded_lines": 0}, "missing_lines": [60, 61, 62, 64, 65, 66, 67, 69, 70, 72, 73, 76, 77, 78, 80, 81, 83, 84, 86, 87, 88], "excluded_lines": []}, "test_evaluaciones_db": {"executed_lines": [], "summary": {"covered_lines": 0, "num_statements": 21, "percent_covered": 0.0, "percent_covered_display": "0", "missing_lines": 21, "excluded_lines": 0}, "missing_lines": [93, 94, 95, 97, 98, 99, 100, 102, 103, 105, 106, 109, 110, 111, 113, 114, 116, 117, 119, 120, 121], "excluded_lines": []}, "main": {"executed_lines": [], "summary": {"covered_lines": 0, "num_statements": 38, "percent_covered": 0.0, "percent_covered_display": "0", "missing_lines": 38, "excluded_lines": 0}, "missing_lines": [126, 127, 128, 129, 130, 131, 132, 134, 141, 142, 143, 146, 147, 148, 150, 151, 153, 154, 155, 156, 158, 159, 160, 162, 164, 165, 166, 167, 168, 169, 171, 172, 173, 174, 175, 176, 177, 178], "excluded_lines": []}, "": {"executed_lines": [], "summary": {"covered_lines": 0, "num_statements": 12, "percent_covered": 0.0, "percent_covered_display": "0", "missing_lines": 12, "excluded_lines": 0}, "missing_lines": [7, 8, 9, 12, 14, 25, 58, 91, 124, 181, 182, 183], "excluded_lines": []}}, "classes": {"": {"executed_lines": [], "summary": {"covered_lines": 0, "num_statements": 113, "percent_covered": 0.0, "percent_covered_display": "0", "missing_lines": 113, "excluded_lines": 0}, "missing_lines": [7, 8, 9, 12, 14, 25, 27, 28, 29, 31, 32, 33, 34, 36, 37, 39, 40, 43, 44, 45, 47, 48, 50, 51, 53, 54, 55, 58, 60, 61, 62, 64, 65, 66, 67, 69, 70, 72, 73, 76, 77, 78, 80, 81, 83, 84, 86, 87, 88, 91, 93, 94, 95, 97, 98, 99, 100, 102, 103, 105, 106, 109, 110, 111, 113, 114, 116, 117, 119, 120, 121, 124, 126, 127, 128, 129, 130, 131, 132, 134, 141, 142, 143, 146, 147, 148, 150, 151, 153, 154, 155, 156, 158, 159, 160, 162, 164, 165, 166, 167, 168, 169, 171, 172, 173, 174, 175, 176, 177, 178, 181, 182, 183], "excluded_lines": []}}}, "db/usuarios/__init__.py": {"executed_lines": [], "summary": {"covered_lines": 0, "num_statements": 2, "percent_covered": 0.0, "percent_covered_display": "0", "missing_lines": 2, "excluded_lines": 0}, "missing_lines": [6, 8], "excluded_lines": [], "functions": {"": {"executed_lines": [], "summary": {"covered_lines": 0, "num_statements": 2, "percent_covered": 0.0, "percent_covered_display": "0", "missing_lines": 2, "excluded_lines": 0}, "missing_lines": [6, 8], "excluded_lines": []}}, "classes": {"": {"executed_lines": [], "summary": {"covered_lines": 0, "num_statements": 2, "percent_covered": 0.0, "percent_covered_display": "0", "missing_lines": 2, "excluded_lines": 0}, "missing_lines": [6, 8], "excluded_lines": []}}}, "db/usuarios/models.py": {"executed_lines": [], "summary": {"covered_lines": 0, "num_statements": 89, "percent_covered": 0.0, "percent_covered_display": "0", "missing_lines": 89, "excluded_lines": 0}, "missing_lines": [7, 8, 9, 10, 11, 13, 14, 15, 16, 20, 29, 37, 39, 40, 41, 44, 49, 51, 52, 53, 54, 55, 56, 58, 59, 61, 62, 63, 66, 67, 68, 70, 71, 74, 79, 81, 82, 85, 86, 87, 88, 91, 92, 93, 94, 96, 99, 101, 102, 105, 110, 112, 113, 116, 117, 118, 119, 122, 123, 124, 125, 128, 129, 131, 134, 136, 137, 140, 145, 147, 148, 149, 150, 152, 155, 156, 158, 159, 162, 167, 169, 170, 171, 172, 173, 175, 178, 180, 181], "excluded_lines": [], "functions": {"Usuario.__repr__": {"executed_lines": [], "summary": {"covered_lines": 0, "num_statements": 1, "percent_covered": 0.0, "percent_covered_display": "0", "missing_lines": 1, "excluded_lines": 0}, "missing_lines": [71], "excluded_lines": []}, "Estudiante.__repr__": {"executed_lines": [], "summary": {"covered_lines": 0, "num_statements": 1, "percent_covered": 0.0, "percent_covered_display": "0", "missing_lines": 1, "excluded_lines": 0}, "missing_lines": [102], "excluded_lines": []}, "Docente.__repr__": {"executed_lines": [], "summary": {"covered_lines": 0, "num_statements": 1, "percent_covered": 0.0, "percent_covered_display": "0", "missing_lines": 1, "excluded_lines": 0}, "missing_lines": [137], "excluded_lines": []}, "Rol.__repr__": {"executed_lines": [], "summary": {"covered_lines": 0, "num_statements": 1, "percent_covered": 0.0, "percent_covered_display": "0", "missing_lines": 1, "excluded_lines": 0}, "missing_lines": [159], "excluded_lines": []}, "Permiso.__repr__": {"executed_lines": [], "summary": {"covered_lines": 0, "num_statements": 1, "percent_covered": 0.0, "percent_covered_display": "0", "missing_lines": 1, "excluded_lines": 0}, "missing_lines": [181], "excluded_lines": []}, "": {"executed_lines": [], "summary": {"covered_lines": 0, "num_statements": 84, "percent_covered": 0.0, "percent_covered_display": "0", "missing_lines": 84, "excluded_lines": 0}, "missing_lines": [7, 8, 9, 10, 11, 13, 14, 15, 16, 20, 29, 37, 39, 40, 41, 44, 49, 51, 52, 53, 54, 55, 56, 58, 59, 61, 62, 63, 66, 67, 68, 70, 74, 79, 81, 82, 85, 86, 87, 88, 91, 92, 93, 94, 96, 99, 101, 105, 110, 112, 113, 116, 117, 118, 119, 122, 123, 124, 125, 128, 129, 131, 134, 136, 140, 145, 147, 148, 149, 150, 152, 155, 156, 158, 162, 167, 169, 170, 171, 172, 173, 175, 178, 180], "excluded_lines": []}}, "classes": {"TipoUsuario": {"executed_lines": [], "summary": {"covered_lines": 0, "num_statements": 0, "percent_covered": 100.0, "percent_covered_display": "100", "missing_lines": 0, "excluded_lines": 0}, "missing_lines": [], "excluded_lines": []}, "Usuario": {"executed_lines": [], "summary": {"covered_lines": 0, "num_statements": 1, "percent_covered": 0.0, "percent_covered_display": "0", "missing_lines": 1, "excluded_lines": 0}, "missing_lines": [71], "excluded_lines": []}, "Estudiante": {"executed_lines": [], "summary": {"covered_lines": 0, "num_statements": 1, "percent_covered": 0.0, "percent_covered_display": "0", "missing_lines": 1, "excluded_lines": 0}, "missing_lines": [102], "excluded_lines": []}, "Docente": {"executed_lines": [], "summary": {"covered_lines": 0, "num_statements": 1, "percent_covered": 0.0, "percent_covered_display": "0", "missing_lines": 1, "excluded_lines": 0}, "missing_lines": [137], "excluded_lines": []}, "Rol": {"executed_lines": [], "summary": {"covered_lines": 0, "num_statements": 1, "percent_covered": 0.0, "percent_covered_display": "0", "missing_lines": 1, "excluded_lines": 0}, "missing_lines": [159], "excluded_lines": []}, "Permiso": {"executed_lines": [], "summary": {"covered_lines": 0, "num_statements": 1, "percent_covered": 0.0, "percent_covered_display": "0", "missing_lines": 1, "excluded_lines": 0}, "missing_lines": [181], "excluded_lines": []}, "": {"executed_lines": [], "summary": {"covered_lines": 0, "num_statements": 84, "percent_covered": 0.0, "percent_covered_display": "0", "missing_lines": 84, "excluded_lines": 0}, "missing_lines": [7, 8, 9, 10, 11, 13, 14, 15, 16, 20, 29, 37, 39, 40, 41, 44, 49, 51, 52, 53, 54, 55, 56, 58, 59, 61, 62, 63, 66, 67, 68, 70, 74, 79, 81, 82, 85, 86, 87, 88, 91, 92, 93, 94, 96, 99, 101, 105, 110, 112, 113, 116, 117, 118, 119, 122, 123, 124, 125, 128, 129, 131, 134, 136, 140, 145, 147, 148, 149, 150, 152, 155, 156, 158, 162, 167, 169, 170, 171, 172, 173, 175, 178, 180], "excluded_lines": []}}}}, "totals": {"covered_lines": 237, "num_statements": 761, "percent_covered": 31.14323258869908, "percent_covered_display": "31", "missing_lines": 524, "excluded_lines": 0}}